<testsuites id="" name="" tests="16" failures="0" skipped="13" errors="1" time="12.714801000000001">
<testsuite name="example.spec.js" timestamp="2026-05-18T18:19:47.474Z" hostname="" tests="1" failures="0" skipped="0" time="0.919" errors="0">
<testcase name="Playwright homepage has Playwright in title" classname="example.spec.js" time="0.919">
</testcase>
</testsuite>
<testsuite name="example.spec.ts" timestamp="2026-05-18T18:19:47.474Z" hostname="" tests="1" failures="0" skipped="0" time="0.954" errors="0">
<testcase name="Playwright homepage has Playwright in title (POM)" classname="example.spec.ts" time="0.954">
</testcase>
</testsuite>
<testsuite name="Genz.spec.ts" timestamp="2026-05-18T18:19:47.474Z" hostname="" tests="1" failures="0" skipped="0" time="6.724" errors="1">
<testcase name="Click Gen Z link and verify navigation" classname="Genz.spec.ts" time="6.724">
<system-out>
<![CDATA[Retrying in 2000ms...
Retrying in 4000ms...

[[ATTACHMENT|test-results\Genz-Click-Gen-Z-link-and-verify-navigation\error-context.md]]
]]>
</system-out>
<system-err>
<![CDATA[Navigation attempt 1/3 failed: page.goto: net::ERR_HTTP2_PROTOCOL_ERROR at https://www.myntra.com/
Call log:
[2m  - navigating to "https://www.myntra.com/", waiting until "load"[22m

Navigation attempt 2/3 failed: page.goto: net::ERR_HTTP2_PROTOCOL_ERROR at https://www.myntra.com/
Call log:
[2m  - navigating to "https://www.myntra.com/", waiting until "load"[22m

Navigation attempt 3/3 failed: page.goto: net::ERR_HTTP2_PROTOCOL_ERROR at https://www.myntra.com/
Call log:
[2m  - navigating to "https://www.myntra.com/", waiting until "load"[22m

]]>
</system-err>
<error message="Failed to navigate after 3 attempts: page.goto: net::ERR_HTTP2_PROTOCOL_ERROR at https://www.myntra.com/" type="Error">
<![CDATA[  Genz.spec.ts:7:5 › Click Gen Z link and verify navigation ────────────────────────────────────────

    Error: Failed to navigate after 3 attempts: page.goto: net::ERR_HTTP2_PROTOCOL_ERROR at https://www.myntra.com/
    Call log:
      - navigating to "https://www.myntra.com/", waiting until "load"


       at pages\Myntra.page.ts:47

      45 |     }
      46 |
    > 47 |     throw new Error(`Failed to navigate after ${maxRetries} attempts: ${lastError?.message}`);
         |           ^
      48 |   }
      49 |   // Search for a product
      50 |   async search(query: string) {
        at MyntraHome.goto (C:\Users\Admin\Desktop\ABHISHEK JAISWAL\ABHISHEK JAISWAL\Project\Myntra(playwright testing)\tests\pages\Myntra.page.ts:47:11)
        at C:\Users\Admin\Desktop\ABHISHEK JAISWAL\ABHISHEK JAISWAL\Project\Myntra(playwright testing)\tests\Genz.spec.ts:12:2

    Error Context: ..\test-results\Genz-Click-Gen-Z-link-and-verify-navigation\error-context.md
]]>
</error>
</testcase>
</testsuite>
<testsuite name="Home.spec.ts" timestamp="2026-05-18T18:19:47.474Z" hostname="" tests="2" failures="0" skipped="2" time="0" errors="0">
<testcase name="Login with invalid credentials on Myntra using POM" classname="Home.spec.ts">
<skipped>
</skipped>
</testcase>
<testcase name="Verify footer text on Myntra homepage using POM" classname="Home.spec.ts">
<skipped>
</skipped>
</testcase>
</testsuite>
<testsuite name="Login.spec.ts" timestamp="2026-05-18T18:19:47.474Z" hostname="" tests="2" failures="0" skipped="2" time="0" errors="0">
<testcase name="Login with invalid credentials on Myntra using POM" classname="Login.spec.ts">
<skipped>
</skipped>
</testcase>
<testcase name="Login with valid credentials on Myntra using POM" classname="Login.spec.ts">
<skipped>
</skipped>
</testcase>
</testsuite>
<testsuite name="Myntra.spec.ts" timestamp="2026-05-18T18:19:47.474Z" hostname="" tests="9" failures="0" skipped="9" time="0" errors="0">
<testcase name="Search Bag on Myntra using POM" classname="Myntra.spec.ts">
<skipped>
</skipped>
</testcase>
<testcase name="Click	 on Man	tab on Myntra" classname="Myntra.spec.ts">
<skipped>
</skipped>
</testcase>
<testcase name="click on women tab on Myntra" classname="Myntra.spec.ts">
<skipped>
</skipped>
</testcase>
<testcase name="click on kids tab on Myntra" classname="Myntra.spec.ts">
<skipped>
</skipped>
</testcase>
<testcase name="Read data from Excel file" classname="Myntra.spec.ts">
<skipped>
</skipped>
</testcase>
<testcase name="click on man t-shirts tab on Myntra" classname="Myntra.spec.ts">
<skipped>
</skipped>
</testcase>
<testcase name="click on recommended tab and select low to high on Myntra" classname="Myntra.spec.ts">
<skipped>
</skipped>
</testcase>
<testcase name="select lowest price product" classname="Myntra.spec.ts">
<skipped>
</skipped>
</testcase>
<testcase name="add to product to bag" classname="Myntra.spec.ts">
<skipped>
</skipped>
</testcase>
</testsuite>
</testsuites>